[2023-01-20 10:45:00,043] multiqc                                            [DEBUG  ]  This is MultiQC v1.14
[2023-01-20 10:45:00,043] multiqc                                            [DEBUG  ]  Command used: /home/lukec/miniconda3/envs/week1/bin/multiqc trimmed_sequences -n trimmed_reads -o quality_control
[2023-01-20 10:45:00,485] multiqc                                            [DEBUG  ]  Latest MultiQC version is v1.14
[2023-01-20 10:45:00,485] multiqc                                            [DEBUG  ]  Working dir : /home/lukec/Documents/MA5112/week1
[2023-01-20 10:45:00,485] multiqc                                            [DEBUG  ]  Template    : default
[2023-01-20 10:45:00,485] multiqc                                            [DEBUG  ]  Running Python 3.10.8 | packaged by conda-forge | (main, Nov 22 2022, 08:26:04) [GCC 10.4.0]
[2023-01-20 10:45:00,486] multiqc                                            [DEBUG  ]  Analysing modules: custom_content, ccs, ngsderive, purple, conpair, lima, peddy, somalier, methylQA, mosdepth, phantompeakqualtools, qualimap, preseq, hifiasm, quast, qorts, rna_seqc, rockhopper, rsem, rseqc, busco, bustools, goleft_indexcov, gffcompare, disambiguate, supernova, deeptools, sargasso, verifybamid, mirtrace, happy, mirtop, sambamba, gopeaks, homer, hops, macs2, theta2, snpeff, gatk, htseq, bcftools, featureCounts, fgbio, dragen, dragen_fastqc, dedup, pbmarkdup, damageprofiler, biobambam2, jcvi, mtnucratio, picard, vep, sentieon, prokka, qc3C, nanostat, samblaster, samtools, sexdeterrmine, eigenstratdatabasetools, bamtools, jellyfish, vcftools, longranger, stacks, varscan2, snippy, umitools, bbmap, bismark, biscuit, diamond, hicexplorer, hicup, hicpro, salmon, kallisto, slamdunk, star, hisat2, tophat, bowtie2, bowtie1, cellranger, snpsplit, odgi, pangolin, nextclade, humid, kat, leehom, adapterRemoval, bbduk, clipandmerge, cutadapt, flexbar, kaiju, kraken, malt, motus, trimmomatic, sickle, skewer, sortmerna, biobloomtools, fastq_screen, afterqc, fastp, fastqc, filtlong, prinseqplusplus, pychopper, porechop, pycoqc, minionqc, anglerfish, multivcfanalyzer, clusterflow, checkqc, bcl2fastq, bclconvert, interop, ivar, flash, seqyclean, optitype, whatshap
[2023-01-20 10:45:00,486] multiqc                                            [DEBUG  ]  Using temporary directory for creating report: /tmp/tmpznznh8sh
[2023-01-20 10:45:00,588] multiqc                                            [INFO   ]  Search path : /home/lukec/Documents/MA5112/week1/trimmed_sequences
[2023-01-20 10:45:00,882] multiqc                                            [DEBUG  ]  Summary of files that were skipped by the search: [skipped_module_specific_max_filesize: 84] // [skipped_no_match: 12] // [skipped_ignore_pattern: 6]
[2023-01-20 10:45:01,062] multiqc.plots.bargraph                             [DEBUG  ]  Using matplotlib version 3.6.3
[2023-01-20 10:45:01,062] multiqc.plots.linegraph                            [DEBUG  ]  Using matplotlib version 3.6.3
[2023-01-20 10:45:01,062] multiqc                                            [DEBUG  ]  No samples found: custom_content
[2023-01-20 10:45:01,071] multiqc.modules.cutadapt.cutadapt                  [INFO   ]  Found 6 reports
[2023-01-20 10:45:01,114] multiqc.modules.fastqc.fastqc                      [INFO   ]  Found 6 reports
[2023-01-20 10:45:01,134] multiqc                                            [INFO   ]  Compressing plot data
[2023-01-20 10:45:01,179] multiqc                                            [INFO   ]  Report      : quality_control/trimmed_reads.html
[2023-01-20 10:45:01,179] multiqc                                            [INFO   ]  Data        : quality_control/trimmed_reads_data
[2023-01-20 10:45:01,179] multiqc                                            [DEBUG  ]  Moving data file from '/tmp/tmpznznh8sh/multiqc_data' to 'quality_control/trimmed_reads_data'
[2023-01-20 10:45:01,224] multiqc                                            [INFO   ]  MultiQC complete
