[2023-01-13 15:21:08,662] multiqc                                            [DEBUG  ]  This is MultiQC v1.14
[2023-01-13 15:21:08,662] multiqc                                            [DEBUG  ]  Command used: /home/liamporter/miniconda3/envs/week1/bin/multiqc data/
[2023-01-13 15:21:09,395] multiqc                                            [DEBUG  ]  Latest MultiQC version is v1.14
[2023-01-13 15:21:09,396] multiqc                                            [DEBUG  ]  Working dir : /home/liamporter/github/MA5112/week1
[2023-01-13 15:21:09,396] multiqc                                            [DEBUG  ]  Template    : default
[2023-01-13 15:21:09,396] multiqc                                            [DEBUG  ]  Running Python 3.7.12 | packaged by conda-forge | (default, Oct 26 2021, 06:08:53)  [GCC 9.4.0]
[2023-01-13 15:21:09,397] multiqc                                            [DEBUG  ]  Analysing modules: custom_content, ccs, ngsderive, purple, conpair, lima, peddy, somalier, methylQA, mosdepth, phantompeakqualtools, qualimap, preseq, hifiasm, quast, qorts, rna_seqc, rockhopper, rsem, rseqc, busco, bustools, goleft_indexcov, gffcompare, disambiguate, supernova, deeptools, sargasso, verifybamid, mirtrace, happy, mirtop, sambamba, gopeaks, homer, hops, macs2, theta2, snpeff, gatk, htseq, bcftools, featureCounts, fgbio, dragen, dragen_fastqc, dedup, pbmarkdup, damageprofiler, biobambam2, jcvi, mtnucratio, picard, vep, sentieon, prokka, qc3C, nanostat, samblaster, samtools, sexdeterrmine, eigenstratdatabasetools, bamtools, jellyfish, vcftools, longranger, stacks, varscan2, snippy, umitools, bbmap, bismark, biscuit, diamond, hicexplorer, hicup, hicpro, salmon, kallisto, slamdunk, star, hisat2, tophat, bowtie2, bowtie1, cellranger, snpsplit, odgi, pangolin, nextclade, humid, kat, leehom, adapterRemoval, bbduk, clipandmerge, cutadapt, flexbar, kaiju, kraken, malt, motus, trimmomatic, sickle, skewer, sortmerna, biobloomtools, fastq_screen, afterqc, fastp, fastqc, filtlong, prinseqplusplus, pychopper, porechop, pycoqc, minionqc, anglerfish, multivcfanalyzer, clusterflow, checkqc, bcl2fastq, bclconvert, interop, ivar, flash, seqyclean, optitype, whatshap
[2023-01-13 15:21:09,397] multiqc                                            [DEBUG  ]  Using temporary directory for creating report: /tmp/tmpriyj94qp
[2023-01-13 15:21:09,472] multiqc                                            [INFO   ]  Search path : /home/liamporter/github/MA5112/week1/data
[2023-01-13 15:21:09,730] multiqc                                            [DEBUG  ]  Summary of files that were skipped by the search: [skipped_module_specific_max_filesize: 66] // [skipped_no_match: 12] // [skipped_ignore_pattern: 6]
[2023-01-13 15:21:09,840] multiqc.plots.bargraph                             [DEBUG  ]  Using matplotlib version 3.4.3
[2023-01-13 15:21:09,841] multiqc.plots.linegraph                            [DEBUG  ]  Using matplotlib version 3.4.3
[2023-01-13 15:21:09,841] multiqc                                            [DEBUG  ]  No samples found: custom_content
[2023-01-13 15:21:09,857] multiqc.modules.fastqc.fastqc                      [INFO   ]  Found 6 reports
[2023-01-13 15:21:09,886] multiqc                                            [INFO   ]  Compressing plot data
[2023-01-13 15:21:09,926] multiqc                                            [WARNING]  Previous MultiQC output found! Adjusting filenames..
[2023-01-13 15:21:09,926] multiqc                                            [WARNING]  Use -f or --force to overwrite existing reports instead
[2023-01-13 15:21:09,926] multiqc                                            [INFO   ]  Report      : multiqc_report_6.html
[2023-01-13 15:21:09,926] multiqc                                            [INFO   ]  Data        : multiqc_data_6
[2023-01-13 15:21:09,927] multiqc                                            [DEBUG  ]  Moving data file from '/tmp/tmpriyj94qp/multiqc_data' to '/home/liamporter/github/MA5112/week1/multiqc_data_6'
[2023-01-13 15:21:09,975] multiqc                                            [INFO   ]  MultiQC complete
